Determining if the pthread_create exist failed with the following output:
Change Dir: /home/red1/catkin_ws/src/introlab-ros-pkg/manyears_ros/CMakeFiles/CMakeTmp

Run Build Command:"/usr/bin/make" "cmTC_4adc1/fast"
/usr/bin/make -f CMakeFiles/cmTC_4adc1.dir/build.make CMakeFiles/cmTC_4adc1.dir/build
make[1]: Entering directory '/home/red1/catkin_ws/src/introlab-ros-pkg/manyears_ros/CMakeFiles/CMakeTmp'
Building C object CMakeFiles/cmTC_4adc1.dir/CheckSymbolExists.c.o
/usr/bin/cc     -o CMakeFiles/cmTC_4adc1.dir/CheckSymbolExists.c.o   -c /home/red1/catkin_ws/src/introlab-ros-pkg/manyears_ros/CMakeFiles/CMakeTmp/CheckSymbolExists.c
Linking C executable cmTC_4adc1
/home/red1/Softwares/clion-2017.1.2/bin/cmake/bin/cmake -E cmake_link_script CMakeFiles/cmTC_4adc1.dir/link.txt --verbose=1
/usr/bin/cc       CMakeFiles/cmTC_4adc1.dir/CheckSymbolExists.c.o  -o cmTC_4adc1 -rdynamic 
CMakeFiles/cmTC_4adc1.dir/CheckSymbolExists.c.o: In function `main':
CheckSymbolExists.c:(.text+0x16): undefined reference to `pthread_create'
collect2: error: ld returned 1 exit status
CMakeFiles/cmTC_4adc1.dir/build.make:97: recipe for target 'cmTC_4adc1' failed
make[1]: *** [cmTC_4adc1] Error 1
make[1]: Leaving directory '/home/red1/catkin_ws/src/introlab-ros-pkg/manyears_ros/CMakeFiles/CMakeTmp'
Makefile:126: recipe for target 'cmTC_4adc1/fast' failed
make: *** [cmTC_4adc1/fast] Error 2

File /home/red1/catkin_ws/src/introlab-ros-pkg/manyears_ros/CMakeFiles/CMakeTmp/CheckSymbolExists.c:
/* */
#include <pthread.h>

int main(int argc, char** argv)
{
  (void)argv;
#ifndef pthread_create
  return ((int*)(&pthread_create))[argc];
#else
  (void)argc;
  return 0;
#endif
}

Determining if the function pthread_create exists in the pthreads failed with the following output:
Change Dir: /home/red1/catkin_ws/src/introlab-ros-pkg/manyears_ros/CMakeFiles/CMakeTmp

Run Build Command:"/usr/bin/make" "cmTC_1999b/fast"
/usr/bin/make -f CMakeFiles/cmTC_1999b.dir/build.make CMakeFiles/cmTC_1999b.dir/build
make[1]: Entering directory '/home/red1/catkin_ws/src/introlab-ros-pkg/manyears_ros/CMakeFiles/CMakeTmp'
Building C object CMakeFiles/cmTC_1999b.dir/CheckFunctionExists.c.o
/usr/bin/cc    -DCHECK_FUNCTION_EXISTS=pthread_create   -o CMakeFiles/cmTC_1999b.dir/CheckFunctionExists.c.o   -c /home/red1/Softwares/clion-2017.1.2/bin/cmake/share/cmake-3.7/Modules/CheckFunctionExists.c
Linking C executable cmTC_1999b
/home/red1/Softwares/clion-2017.1.2/bin/cmake/bin/cmake -E cmake_link_script CMakeFiles/cmTC_1999b.dir/link.txt --verbose=1
/usr/bin/cc   -DCHECK_FUNCTION_EXISTS=pthread_create    CMakeFiles/cmTC_1999b.dir/CheckFunctionExists.c.o  -o cmTC_1999b -rdynamic -lpthreads 
/usr/bin/ld: cannot find -lpthreads
collect2: error: ld returned 1 exit status
CMakeFiles/cmTC_1999b.dir/build.make:97: recipe for target 'cmTC_1999b' failed
make[1]: *** [cmTC_1999b] Error 1
make[1]: Leaving directory '/home/red1/catkin_ws/src/introlab-ros-pkg/manyears_ros/CMakeFiles/CMakeTmp'
Makefile:126: recipe for target 'cmTC_1999b/fast' failed
make: *** [cmTC_1999b/fast] Error 2


