Determining if the pthread_create exist failed with the following output:
Change Dir: /home/red1/catkin_ws/src/introlab-ros-pkg/irl_external/manyears/CMakeFiles/CMakeTmp

Run Build Command:"/usr/bin/make" "cmTC_911ad/fast"
/usr/bin/make -f CMakeFiles/cmTC_911ad.dir/build.make CMakeFiles/cmTC_911ad.dir/build
make[1]: Entering directory '/home/red1/catkin_ws/src/introlab-ros-pkg/irl_external/manyears/CMakeFiles/CMakeTmp'
Building C object CMakeFiles/cmTC_911ad.dir/CheckSymbolExists.c.o
/usr/bin/cc     -o CMakeFiles/cmTC_911ad.dir/CheckSymbolExists.c.o   -c /home/red1/catkin_ws/src/introlab-ros-pkg/irl_external/manyears/CMakeFiles/CMakeTmp/CheckSymbolExists.c
Linking C executable cmTC_911ad
/usr/bin/cmake -E cmake_link_script CMakeFiles/cmTC_911ad.dir/link.txt --verbose=1
/usr/bin/cc       CMakeFiles/cmTC_911ad.dir/CheckSymbolExists.c.o  -o cmTC_911ad -rdynamic 
CMakeFiles/cmTC_911ad.dir/CheckSymbolExists.c.o: In function `main':
CheckSymbolExists.c:(.text+0x16): undefined reference to `pthread_create'
collect2: error: ld returned 1 exit status
CMakeFiles/cmTC_911ad.dir/build.make:97: recipe for target 'cmTC_911ad' failed
make[1]: *** [cmTC_911ad] Error 1
make[1]: Leaving directory '/home/red1/catkin_ws/src/introlab-ros-pkg/irl_external/manyears/CMakeFiles/CMakeTmp'
Makefile:126: recipe for target 'cmTC_911ad/fast' failed
make: *** [cmTC_911ad/fast] Error 2

File /home/red1/catkin_ws/src/introlab-ros-pkg/irl_external/manyears/CMakeFiles/CMakeTmp/CheckSymbolExists.c:
/* */
#include <pthread.h>

int main(int argc, char** argv)
{
  (void)argv;
#ifndef pthread_create
  return ((int*)(&pthread_create))[argc];
#else
  (void)argc;
  return 0;
#endif
}

Determining if the function pthread_create exists in the pthreads failed with the following output:
Change Dir: /home/red1/catkin_ws/src/introlab-ros-pkg/irl_external/manyears/CMakeFiles/CMakeTmp

Run Build Command:"/usr/bin/make" "cmTC_6a5c7/fast"
/usr/bin/make -f CMakeFiles/cmTC_6a5c7.dir/build.make CMakeFiles/cmTC_6a5c7.dir/build
make[1]: Entering directory '/home/red1/catkin_ws/src/introlab-ros-pkg/irl_external/manyears/CMakeFiles/CMakeTmp'
Building C object CMakeFiles/cmTC_6a5c7.dir/CheckFunctionExists.c.o
/usr/bin/cc    -DCHECK_FUNCTION_EXISTS=pthread_create   -o CMakeFiles/cmTC_6a5c7.dir/CheckFunctionExists.c.o   -c /usr/share/cmake-3.5/Modules/CheckFunctionExists.c
Linking C executable cmTC_6a5c7
/usr/bin/cmake -E cmake_link_script CMakeFiles/cmTC_6a5c7.dir/link.txt --verbose=1
/usr/bin/cc   -DCHECK_FUNCTION_EXISTS=pthread_create    CMakeFiles/cmTC_6a5c7.dir/CheckFunctionExists.c.o  -o cmTC_6a5c7 -rdynamic -lpthreads 
/usr/bin/ld: cannot find -lpthreads
collect2: error: ld returned 1 exit status
CMakeFiles/cmTC_6a5c7.dir/build.make:97: recipe for target 'cmTC_6a5c7' failed
make[1]: *** [cmTC_6a5c7] Error 1
make[1]: Leaving directory '/home/red1/catkin_ws/src/introlab-ros-pkg/irl_external/manyears/CMakeFiles/CMakeTmp'
Makefile:126: recipe for target 'cmTC_6a5c7/fast' failed
make: *** [cmTC_6a5c7/fast] Error 2


